22/04/23 20:33:18 INFO TextDataConvertor: Dataset: [data/rating_5000_cls_hc_10core_iterative.csv]
22/04/23 20:33:18 INFO TextDataConvertor: DataSet: ...ng_5000_cls_hc_10core_iterative.csv is finished
22/04/23 20:33:18 INFO TextDataConvertor: rating Scale: [3.0, 4.0, 5.0]
22/04/23 20:33:18 INFO TextDataConvertor: user number: 4005,	 item number is: 2673
22/04/23 20:33:18 INFO TextDataModel: Transform data to Convertor successfully!
22/04/23 20:33:19 INFO TextDataModel: Split data to train Set and test Set successfully!
22/04/23 20:33:19 INFO TextDataModel: Feature appender loaded successfully!
22/04/23 20:33:19 INFO TextDataConvertor: Dataset: [data/split/cv_1/train.txt]
22/04/23 20:33:19 INFO TextDataConvertor: DataSet: data/split/cv_1/train.txt is finished
22/04/23 20:33:19 INFO TextDataConvertor: rating Scale: [3.0, 4.0, 5.0]
22/04/23 20:33:19 INFO TextDataConvertor: user number: 4005,	 item number is: 2673
22/04/23 20:33:19 INFO TextDataModel: Transform data to Convertor successfully!
22/04/23 20:33:19 INFO TextDataConvertor: Dataset: [data/split/cv_1/test.txt]
22/04/23 20:33:19 INFO TextDataConvertor: DataSet: data/split/cv_1/test.txt is finished
22/04/23 20:33:19 INFO TextDataConvertor: rating Scale: [3.0, 4.0, 5.0]
22/04/23 20:33:19 INFO TextDataConvertor: user number: 4005,	 item number is: 2673
22/04/23 20:33:19 INFO TextDataModel: Split data to train Set and test Set successfully!
22/04/23 20:33:19 INFO TextDataModel: Data cardinality of training is 73580
22/04/23 20:33:19 INFO TextDataModel: Data cardinality of testing is 36791
22/04/23 20:33:19 INFO TextDataModel: Feature appender loaded successfully!
22/04/23 20:33:19 INFO OracleAlgo: Job Setup completed.
** Training model in OracleAlgo **
22/04/23 20:33:19 INFO TextDataConvertor: Dataset: [exp00074/result/out-1.txt]
22/04/23 20:33:19 INFO TextDataConvertor: DataSet: exp00074/result/out-1.txt is finished
22/04/23 20:33:19 INFO TextDataConvertor: user number: 4005,	 item number is: 2673
22/04/23 20:33:19 INFO OracleAlgo: Job Train completed.
22/04/23 20:33:19 INFO OracleAlgo: begin recommend
22/04/23 20:33:19 INFO OracleAlgo: end recommend
22/04/23 20:33:19 INFO RecommenderJob: Evaluator info:NormalizedDCGEvaluator is 0.016125513751792366
22/04/23 20:33:19 INFO RecommenderJob: Evaluator info:PStatisticalParityEvaluator is -0.7492678034102939
22/04/23 20:33:19 INFO TextDataConvertor: Dataset: [data/split/cv_2/train.txt]
22/04/23 20:33:19 INFO TextDataConvertor: DataSet: data/split/cv_2/train.txt is finished
22/04/23 20:33:19 INFO TextDataConvertor: rating Scale: [3.0, 4.0, 5.0]
22/04/23 20:33:19 INFO TextDataConvertor: user number: 4005,	 item number is: 2673
22/04/23 20:33:19 INFO TextDataModel: Transform data to Convertor successfully!
22/04/23 20:33:19 INFO TextDataConvertor: Dataset: [data/split/cv_2/test.txt]
22/04/23 20:33:19 INFO TextDataConvertor: DataSet: data/split/cv_2/test.txt is finished
22/04/23 20:33:19 INFO TextDataConvertor: rating Scale: [3.0, 4.0, 5.0]
22/04/23 20:33:19 INFO TextDataConvertor: user number: 4005,	 item number is: 2673
22/04/23 20:33:19 INFO TextDataModel: Split data to train Set and test Set successfully!
22/04/23 20:33:19 INFO TextDataModel: Data cardinality of training is 73581
22/04/23 20:33:19 INFO TextDataModel: Data cardinality of testing is 36790
22/04/23 20:33:19 INFO TextDataModel: Feature appender loaded successfully!
22/04/23 20:33:19 INFO OracleAlgo: Job Setup completed.
** Training model in OracleAlgo **
22/04/23 20:33:19 INFO TextDataConvertor: Dataset: [exp00074/result/out-2.txt]
22/04/23 20:33:20 INFO TextDataConvertor: DataSet: exp00074/result/out-2.txt is finished
22/04/23 20:33:20 INFO TextDataConvertor: user number: 4005,	 item number is: 2673
22/04/23 20:33:20 INFO OracleAlgo: Job Train completed.
22/04/23 20:33:20 INFO OracleAlgo: begin recommend
22/04/23 20:33:20 INFO OracleAlgo: end recommend
22/04/23 20:33:20 INFO RecommenderJob: Evaluator info:NormalizedDCGEvaluator is 0.01904117336829648
22/04/23 20:33:20 INFO RecommenderJob: Evaluator info:PStatisticalParityEvaluator is -0.7887650602410191
22/04/23 20:33:20 INFO TextDataConvertor: Dataset: [data/split/cv_3/train.txt]
22/04/23 20:33:20 INFO TextDataConvertor: DataSet: data/split/cv_3/train.txt is finished
22/04/23 20:33:20 INFO TextDataConvertor: rating Scale: [3.0, 4.0, 5.0]
22/04/23 20:33:20 INFO TextDataConvertor: user number: 4005,	 item number is: 2673
22/04/23 20:33:20 INFO TextDataModel: Transform data to Convertor successfully!
22/04/23 20:33:20 INFO TextDataConvertor: Dataset: [data/split/cv_3/test.txt]
22/04/23 20:33:20 INFO TextDataConvertor: DataSet: data/split/cv_3/test.txt is finished
22/04/23 20:33:20 INFO TextDataConvertor: rating Scale: [3.0, 4.0, 5.0]
22/04/23 20:33:20 INFO TextDataConvertor: user number: 4005,	 item number is: 2673
22/04/23 20:33:20 INFO TextDataModel: Split data to train Set and test Set successfully!
22/04/23 20:33:20 INFO TextDataModel: Data cardinality of training is 73581
22/04/23 20:33:20 INFO TextDataModel: Data cardinality of testing is 36790
22/04/23 20:33:20 INFO TextDataModel: Feature appender loaded successfully!
22/04/23 20:33:20 INFO OracleAlgo: Job Setup completed.
** Training model in OracleAlgo **
22/04/23 20:33:20 INFO TextDataConvertor: Dataset: [exp00074/result/out-3.txt]
22/04/23 20:33:20 INFO TextDataConvertor: DataSet: exp00074/result/out-3.txt is finished
22/04/23 20:33:20 INFO TextDataConvertor: user number: 4005,	 item number is: 2673
22/04/23 20:33:20 INFO OracleAlgo: Job Train completed.
22/04/23 20:33:20 INFO OracleAlgo: begin recommend
22/04/23 20:33:20 INFO OracleAlgo: end recommend
22/04/23 20:33:20 INFO RecommenderJob: Evaluator info:NormalizedDCGEvaluator is 0.025592396720792998
22/04/23 20:33:20 INFO RecommenderJob: Evaluator info:PStatisticalParityEvaluator is -0.789666750187978
