22/04/23 19:11:24 INFO TextDataConvertor: Dataset: [data/rating_5000_cls_hc_10core_iterative.csv]
22/04/23 19:11:24 INFO TextDataConvertor: DataSet: ...ng_5000_cls_hc_10core_iterative.csv is finished
22/04/23 19:11:24 INFO TextDataConvertor: rating Scale: [3.0, 4.0, 5.0]
22/04/23 19:11:24 INFO TextDataConvertor: user number: 4005,	 item number is: 2673
22/04/23 19:11:24 INFO TextDataModel: Transform data to Convertor successfully!
22/04/23 19:11:24 INFO TextDataModel: Split data to train Set and test Set successfully!
22/04/23 19:11:24 INFO TextDataModel: Feature appender loaded successfully!
22/04/23 19:11:24 INFO TextDataConvertor: Dataset: [data/split/cv_1/train.txt]
22/04/23 19:11:24 INFO TextDataConvertor: DataSet: data/split/cv_1/train.txt is finished
22/04/23 19:11:24 INFO TextDataConvertor: rating Scale: [3.0, 4.0, 5.0]
22/04/23 19:11:24 INFO TextDataConvertor: user number: 4005,	 item number is: 2673
22/04/23 19:11:24 INFO TextDataModel: Transform data to Convertor successfully!
22/04/23 19:11:24 INFO TextDataConvertor: Dataset: [data/split/cv_1/test.txt]
22/04/23 19:11:24 INFO TextDataConvertor: DataSet: data/split/cv_1/test.txt is finished
22/04/23 19:11:24 INFO TextDataConvertor: rating Scale: [3.0, 4.0, 5.0]
22/04/23 19:11:24 INFO TextDataConvertor: user number: 4005,	 item number is: 2673
22/04/23 19:11:24 INFO TextDataModel: Split data to train Set and test Set successfully!
22/04/23 19:11:24 INFO TextDataModel: Data cardinality of training is 73580
22/04/23 19:11:24 INFO TextDataModel: Data cardinality of testing is 36791
22/04/23 19:11:24 INFO TextDataModel: Feature appender loaded successfully!
22/04/23 19:11:24 INFO OracleAlgo: Job Setup completed.
** Training model in OracleAlgo **
22/04/23 19:11:24 INFO TextDataConvertor: Dataset: [exp00005/result/out-1.txt]
22/04/23 19:11:24 INFO TextDataConvertor: DataSet: exp00005/result/out-1.txt is finished
22/04/23 19:11:24 INFO TextDataConvertor: user number: 4005,	 item number is: 2673
22/04/23 19:11:24 INFO OracleAlgo: Job Train completed.
22/04/23 19:11:24 INFO OracleAlgo: begin recommend
22/04/23 19:11:25 INFO OracleAlgo: end recommend
22/04/23 19:11:25 INFO RecommenderJob: Evaluator info:NormalizedDCGEvaluator is 0.015969518447070657
22/04/23 19:11:25 INFO RecommenderJob: Evaluator info:PStatisticalParityEvaluator is -0.7494684052157101
22/04/23 19:11:25 INFO TextDataConvertor: Dataset: [data/split/cv_2/train.txt]
22/04/23 19:11:25 INFO TextDataConvertor: DataSet: data/split/cv_2/train.txt is finished
22/04/23 19:11:25 INFO TextDataConvertor: rating Scale: [3.0, 4.0, 5.0]
22/04/23 19:11:25 INFO TextDataConvertor: user number: 4005,	 item number is: 2673
22/04/23 19:11:25 INFO TextDataModel: Transform data to Convertor successfully!
22/04/23 19:11:25 INFO TextDataConvertor: Dataset: [data/split/cv_2/test.txt]
22/04/23 19:11:25 INFO TextDataConvertor: DataSet: data/split/cv_2/test.txt is finished
22/04/23 19:11:25 INFO TextDataConvertor: rating Scale: [3.0, 4.0, 5.0]
22/04/23 19:11:25 INFO TextDataConvertor: user number: 4005,	 item number is: 2673
22/04/23 19:11:25 INFO TextDataModel: Split data to train Set and test Set successfully!
22/04/23 19:11:25 INFO TextDataModel: Data cardinality of training is 73581
22/04/23 19:11:25 INFO TextDataModel: Data cardinality of testing is 36790
22/04/23 19:11:25 INFO TextDataModel: Feature appender loaded successfully!
22/04/23 19:11:25 INFO OracleAlgo: Job Setup completed.
** Training model in OracleAlgo **
22/04/23 19:11:25 INFO TextDataConvertor: Dataset: [exp00005/result/out-2.txt]
22/04/23 19:11:25 INFO TextDataConvertor: DataSet: exp00005/result/out-2.txt is finished
22/04/23 19:11:25 INFO TextDataConvertor: user number: 4005,	 item number is: 2673
22/04/23 19:11:25 INFO OracleAlgo: Job Train completed.
22/04/23 19:11:25 INFO OracleAlgo: begin recommend
22/04/23 19:11:25 INFO OracleAlgo: end recommend
22/04/23 19:11:25 INFO RecommenderJob: Evaluator info:NormalizedDCGEvaluator is 0.01891721757534209
22/04/23 19:11:25 INFO RecommenderJob: Evaluator info:PStatisticalParityEvaluator is -0.7887650602410191
22/04/23 19:11:25 INFO TextDataConvertor: Dataset: [data/split/cv_3/train.txt]
22/04/23 19:11:25 INFO TextDataConvertor: DataSet: data/split/cv_3/train.txt is finished
22/04/23 19:11:25 INFO TextDataConvertor: rating Scale: [3.0, 4.0, 5.0]
22/04/23 19:11:25 INFO TextDataConvertor: user number: 4005,	 item number is: 2673
22/04/23 19:11:25 INFO TextDataModel: Transform data to Convertor successfully!
22/04/23 19:11:25 INFO TextDataConvertor: Dataset: [data/split/cv_3/test.txt]
22/04/23 19:11:25 INFO TextDataConvertor: DataSet: data/split/cv_3/test.txt is finished
22/04/23 19:11:25 INFO TextDataConvertor: rating Scale: [3.0, 4.0, 5.0]
22/04/23 19:11:25 INFO TextDataConvertor: user number: 4005,	 item number is: 2673
22/04/23 19:11:25 INFO TextDataModel: Split data to train Set and test Set successfully!
22/04/23 19:11:25 INFO TextDataModel: Data cardinality of training is 73581
22/04/23 19:11:25 INFO TextDataModel: Data cardinality of testing is 36790
22/04/23 19:11:25 INFO TextDataModel: Feature appender loaded successfully!
22/04/23 19:11:25 INFO OracleAlgo: Job Setup completed.
** Training model in OracleAlgo **
22/04/23 19:11:25 INFO TextDataConvertor: Dataset: [exp00005/result/out-3.txt]
22/04/23 19:11:26 INFO TextDataConvertor: DataSet: exp00005/result/out-3.txt is finished
22/04/23 19:11:26 INFO TextDataConvertor: user number: 4005,	 item number is: 2673
22/04/23 19:11:26 INFO OracleAlgo: Job Train completed.
22/04/23 19:11:26 INFO OracleAlgo: begin recommend
22/04/23 19:11:26 INFO OracleAlgo: end recommend
22/04/23 19:11:26 INFO RecommenderJob: Evaluator info:NormalizedDCGEvaluator is 0.025001101639440457
22/04/23 19:11:26 INFO RecommenderJob: Evaluator info:PStatisticalParityEvaluator is -0.789666750187978
