22/04/23 19:06:52 INFO TextDataConvertor: Dataset: [data/rating_5000_cls_hc_10core_iterative.csv]
22/04/23 19:06:52 INFO TextDataConvertor: DataSet: ...ng_5000_cls_hc_10core_iterative.csv is finished
22/04/23 19:06:52 INFO TextDataConvertor: rating Scale: [3.0, 4.0, 5.0]
22/04/23 19:06:52 INFO TextDataConvertor: user number: 4005,	 item number is: 2673
22/04/23 19:06:52 INFO TextDataModel: Transform data to Convertor successfully!
22/04/23 19:06:52 INFO TextDataModel: Split data to train Set and test Set successfully!
22/04/23 19:06:52 INFO TextDataModel: Feature appender loaded successfully!
22/04/23 19:06:52 INFO TextDataConvertor: Dataset: [data/split/cv_1/train.txt]
22/04/23 19:06:53 INFO TextDataConvertor: DataSet: data/split/cv_1/train.txt is finished
22/04/23 19:06:53 INFO TextDataConvertor: rating Scale: [3.0, 4.0, 5.0]
22/04/23 19:06:53 INFO TextDataConvertor: user number: 4005,	 item number is: 2673
22/04/23 19:06:53 INFO TextDataModel: Transform data to Convertor successfully!
22/04/23 19:06:53 INFO TextDataConvertor: Dataset: [data/split/cv_1/test.txt]
22/04/23 19:06:53 INFO TextDataConvertor: DataSet: data/split/cv_1/test.txt is finished
22/04/23 19:06:53 INFO TextDataConvertor: rating Scale: [3.0, 4.0, 5.0]
22/04/23 19:06:53 INFO TextDataConvertor: user number: 4005,	 item number is: 2673
22/04/23 19:06:53 INFO TextDataModel: Split data to train Set and test Set successfully!
22/04/23 19:06:53 INFO TextDataModel: Data cardinality of training is 73580
22/04/23 19:06:53 INFO TextDataModel: Data cardinality of testing is 36791
22/04/23 19:06:53 INFO TextDataModel: Feature appender loaded successfully!
22/04/23 19:06:53 INFO RecommenderJob: ExpCMD: START - Executing recommender job on 1.
22/04/23 19:06:53 INFO BiasedMFRecommender: Job Setup completed.
22/04/23 19:06:53 INFO BiasedMFRecommender: BiasedMFRecommender iter 1: loss = 6265.853791404099, delta_loss = -6265.854
22/04/23 19:06:53 INFO BiasedMFRecommender: BiasedMFRecommender iter 2: loss = 5965.176793616046, delta_loss = 300.677
22/04/23 19:06:53 INFO BiasedMFRecommender: BiasedMFRecommender iter 3: loss = 5823.111881572714, delta_loss = 142.06491
22/04/23 19:06:53 INFO BiasedMFRecommender: BiasedMFRecommender iter 4: loss = 5729.079059936053, delta_loss = 94.03282
22/04/23 19:06:53 INFO BiasedMFRecommender: BiasedMFRecommender iter 5: loss = 5661.216112901767, delta_loss = 67.862946
22/04/23 19:06:53 INFO BiasedMFRecommender: BiasedMFRecommender iter 6: loss = 5610.336866109296, delta_loss = 50.879246
22/04/23 19:06:53 INFO BiasedMFRecommender: BiasedMFRecommender iter 7: loss = 5571.319232761826, delta_loss = 39.01763
22/04/23 19:06:53 INFO BiasedMFRecommender: BiasedMFRecommender iter 8: loss = 5540.920462540757, delta_loss = 30.39877
22/04/23 19:06:53 INFO BiasedMFRecommender: BiasedMFRecommender iter 9: loss = 5516.945440103064, delta_loss = 23.975023
22/04/23 19:06:53 INFO BiasedMFRecommender: BiasedMFRecommender iter 10: loss = 5497.846360271068, delta_loss = 19.09908
22/04/23 19:06:53 INFO BiasedMFRecommender: BiasedMFRecommender iter 11: loss = 5482.501144089102, delta_loss = 15.345216
22/04/23 19:06:53 INFO BiasedMFRecommender: BiasedMFRecommender iter 12: loss = 5470.079521466316, delta_loss = 12.421622
22/04/23 19:06:53 INFO BiasedMFRecommender: BiasedMFRecommender iter 13: loss = 5459.957215087857, delta_loss = 10.122307
22/04/23 19:06:53 INFO BiasedMFRecommender: BiasedMFRecommender iter 14: loss = 5451.658636227965, delta_loss = 8.298579
22/04/23 19:06:53 INFO BiasedMFRecommender: BiasedMFRecommender iter 15: loss = 5444.817435750783, delta_loss = 6.8412004
22/04/23 19:06:53 INFO BiasedMFRecommender: BiasedMFRecommender iter 16: loss = 5439.1486985475485, delta_loss = 5.6687374
22/04/23 19:06:53 INFO BiasedMFRecommender: BiasedMFRecommender iter 17: loss = 5434.428968937704, delta_loss = 4.7197294
22/04/23 19:06:53 INFO BiasedMFRecommender: BiasedMFRecommender iter 18: loss = 5430.481673243863, delta_loss = 3.9472957
22/04/23 19:06:53 INFO BiasedMFRecommender: BiasedMFRecommender iter 19: loss = 5427.166337121334, delta_loss = 3.3153362
22/04/23 19:06:53 INFO BiasedMFRecommender: BiasedMFRecommender iter 20: loss = 5424.370516050933, delta_loss = 2.795821
22/04/23 19:06:53 INFO BiasedMFRecommender: BiasedMFRecommender iter 21: loss = 5422.003693759756, delta_loss = 2.3668222
22/04/23 19:06:53 INFO BiasedMFRecommender: BiasedMFRecommender iter 22: loss = 5419.992626022602, delta_loss = 2.0110676
22/04/23 19:06:53 INFO BiasedMFRecommender: BiasedMFRecommender iter 23: loss = 5418.277757952596, delta_loss = 1.7148681
22/04/23 19:06:53 INFO BiasedMFRecommender: BiasedMFRecommender iter 24: loss = 5416.810446506524, delta_loss = 1.4673115
22/04/23 19:06:53 INFO BiasedMFRecommender: BiasedMFRecommender iter 25: loss = 5415.550792451473, delta_loss = 1.259654
22/04/23 19:06:53 INFO BiasedMFRecommender: Job Train completed.
22/04/23 19:06:53 INFO RecommenderJob: ExpCMD: COMPLETE
22/04/23 19:06:53 INFO RecommenderJob: EvalCMD: START
22/04/23 19:06:53 INFO BiasedMFRecommender: begin recommend
22/04/23 19:06:53 INFO BiasedMFRecommender: end recommend
22/04/23 19:06:53 INFO RecommenderJob: Evaluator info:NormalizedDCGEvaluator is 0.030483808417561386
22/04/23 19:06:54 INFO RecommenderJob: Evaluator info:PStatisticalParityEvaluator is -0.6880341023069544
22/04/23 19:06:54 INFO BiasedMFRecommender: begin recommend
22/04/23 19:06:54 INFO BiasedMFRecommender: end recommend
22/04/23 19:06:54 INFO RecommenderJob: Result path is exp00002/result/out-1.txt
22/04/23 19:06:54 INFO RecommenderJob: EvalCMD: COMPLETE.
22/04/23 19:06:54 INFO TextDataConvertor: Dataset: [data/split/cv_2/train.txt]
22/04/23 19:06:54 INFO TextDataConvertor: DataSet: data/split/cv_2/train.txt is finished
22/04/23 19:06:54 INFO TextDataConvertor: rating Scale: [3.0, 4.0, 5.0]
22/04/23 19:06:54 INFO TextDataConvertor: user number: 4005,	 item number is: 2673
22/04/23 19:06:54 INFO TextDataModel: Transform data to Convertor successfully!
22/04/23 19:06:54 INFO TextDataConvertor: Dataset: [data/split/cv_2/test.txt]
22/04/23 19:06:54 INFO TextDataConvertor: DataSet: data/split/cv_2/test.txt is finished
22/04/23 19:06:54 INFO TextDataConvertor: rating Scale: [3.0, 4.0, 5.0]
22/04/23 19:06:54 INFO TextDataConvertor: user number: 4005,	 item number is: 2673
22/04/23 19:06:54 INFO TextDataModel: Split data to train Set and test Set successfully!
22/04/23 19:06:54 INFO TextDataModel: Data cardinality of training is 73581
22/04/23 19:06:54 INFO TextDataModel: Data cardinality of testing is 36790
22/04/23 19:06:54 INFO TextDataModel: Feature appender loaded successfully!
22/04/23 19:06:54 INFO RecommenderJob: ExpCMD: START - Executing recommender job on 2.
22/04/23 19:06:54 INFO BiasedMFRecommender: Job Setup completed.
22/04/23 19:06:54 INFO BiasedMFRecommender: BiasedMFRecommender iter 1: loss = 6099.066666849211, delta_loss = -6099.067
22/04/23 19:06:54 INFO BiasedMFRecommender: BiasedMFRecommender iter 2: loss = 5809.321131661787, delta_loss = 289.74554
22/04/23 19:06:54 INFO BiasedMFRecommender: BiasedMFRecommender iter 3: loss = 5672.0648543443185, delta_loss = 137.25627
22/04/23 19:06:54 INFO BiasedMFRecommender: BiasedMFRecommender iter 4: loss = 5582.023503796145, delta_loss = 90.04135
22/04/23 19:06:54 INFO BiasedMFRecommender: BiasedMFRecommender iter 5: loss = 5517.565883071219, delta_loss = 64.45762
22/04/23 19:06:54 INFO BiasedMFRecommender: BiasedMFRecommender iter 6: loss = 5469.5358373302615, delta_loss = 48.030045
22/04/23 19:06:54 INFO BiasedMFRecommender: BiasedMFRecommender iter 7: loss = 5432.865695659325, delta_loss = 36.670143
22/04/23 19:06:54 INFO BiasedMFRecommender: BiasedMFRecommender iter 8: loss = 5404.380996260347, delta_loss = 28.4847
22/04/23 19:06:54 INFO BiasedMFRecommender: BiasedMFRecommender iter 9: loss = 5381.955378236639, delta_loss = 22.425617
22/04/23 19:06:54 INFO BiasedMFRecommender: BiasedMFRecommender iter 10: loss = 5364.103965047646, delta_loss = 17.851414
22/04/23 19:06:54 INFO BiasedMFRecommender: BiasedMFRecommender iter 11: loss = 5349.759512110594, delta_loss = 14.344453
22/04/23 19:06:54 INFO BiasedMFRecommender: BiasedMFRecommender iter 12: loss = 5338.138175531552, delta_loss = 11.621337
22/04/23 19:06:54 INFO BiasedMFRecommender: BiasedMFRecommender iter 13: loss = 5328.6542744367825, delta_loss = 9.483901
22/04/23 19:06:54 INFO BiasedMFRecommender: BiasedMFRecommender iter 14: loss = 5320.863918936489, delta_loss = 7.7903557
22/04/23 19:06:54 INFO BiasedMFRecommender: BiasedMFRecommender iter 15: loss = 5314.42657637907, delta_loss = 6.4373426
22/04/23 19:06:54 INFO BiasedMFRecommender: BiasedMFRecommender iter 16: loss = 5309.078233647426, delta_loss = 5.348343
22/04/23 19:06:54 INFO BiasedMFRecommender: BiasedMFRecommender iter 17: loss = 5304.612286819643, delta_loss = 4.4659467
22/04/23 19:06:54 INFO BiasedMFRecommender: BiasedMFRecommender iter 18: loss = 5300.865706861348, delta_loss = 3.74658
22/04/23 19:06:54 INFO BiasedMFRecommender: BiasedMFRecommender iter 19: loss = 5297.708880977797, delta_loss = 3.1568258
22/04/23 19:06:54 INFO BiasedMFRecommender: BiasedMFRecommender iter 20: loss = 5295.038059023906, delta_loss = 2.670822
22/04/23 19:06:54 INFO BiasedMFRecommender: BiasedMFRecommender iter 21: loss = 5292.76967400311, delta_loss = 2.268385
22/04/23 19:06:54 INFO BiasedMFRecommender: BiasedMFRecommender iter 22: loss = 5290.836028774693, delta_loss = 1.9336452
22/04/23 19:06:54 INFO BiasedMFRecommender: BiasedMFRecommender iter 23: loss = 5289.181990571142, delta_loss = 1.6540382
22/04/23 19:06:54 INFO BiasedMFRecommender: BiasedMFRecommender iter 24: loss = 5287.7624369520745, delta_loss = 1.4195536
22/04/23 19:06:54 INFO BiasedMFRecommender: BiasedMFRecommender iter 25: loss = 5286.540267485354, delta_loss = 1.2221695
22/04/23 19:06:54 INFO BiasedMFRecommender: Job Train completed.
22/04/23 19:06:54 INFO RecommenderJob: ExpCMD: COMPLETE
22/04/23 19:06:54 INFO RecommenderJob: EvalCMD: START
22/04/23 19:06:54 INFO BiasedMFRecommender: begin recommend
22/04/23 19:06:55 INFO BiasedMFRecommender: end recommend
22/04/23 19:06:55 INFO RecommenderJob: Evaluator info:NormalizedDCGEvaluator is 0.03335983480377107
22/04/23 19:06:55 INFO RecommenderJob: Evaluator info:PStatisticalParityEvaluator is -0.8461144578313704
22/04/23 19:06:55 INFO BiasedMFRecommender: begin recommend
22/04/23 19:06:55 INFO BiasedMFRecommender: end recommend
22/04/23 19:06:55 INFO RecommenderJob: Result path is exp00002/result/out-2.txt
22/04/23 19:06:55 INFO RecommenderJob: EvalCMD: COMPLETE.
22/04/23 19:06:55 INFO TextDataConvertor: Dataset: [data/split/cv_3/train.txt]
22/04/23 19:06:55 INFO TextDataConvertor: DataSet: data/split/cv_3/train.txt is finished
22/04/23 19:06:55 INFO TextDataConvertor: rating Scale: [3.0, 4.0, 5.0]
22/04/23 19:06:55 INFO TextDataConvertor: user number: 4005,	 item number is: 2673
22/04/23 19:06:55 INFO TextDataModel: Transform data to Convertor successfully!
22/04/23 19:06:55 INFO TextDataConvertor: Dataset: [data/split/cv_3/test.txt]
22/04/23 19:06:55 INFO TextDataConvertor: DataSet: data/split/cv_3/test.txt is finished
22/04/23 19:06:55 INFO TextDataConvertor: rating Scale: [3.0, 4.0, 5.0]
22/04/23 19:06:55 INFO TextDataConvertor: user number: 4005,	 item number is: 2673
22/04/23 19:06:55 INFO TextDataModel: Split data to train Set and test Set successfully!
22/04/23 19:06:55 INFO TextDataModel: Data cardinality of training is 73581
22/04/23 19:06:55 INFO TextDataModel: Data cardinality of testing is 36790
22/04/23 19:06:55 INFO TextDataModel: Feature appender loaded successfully!
22/04/23 19:06:55 INFO RecommenderJob: ExpCMD: START - Executing recommender job on 3.
22/04/23 19:06:55 INFO BiasedMFRecommender: Job Setup completed.
22/04/23 19:06:55 INFO BiasedMFRecommender: BiasedMFRecommender iter 1: loss = 6322.723014504173, delta_loss = -6322.723
22/04/23 19:06:55 INFO BiasedMFRecommender: BiasedMFRecommender iter 2: loss = 6026.517731444141, delta_loss = 296.2053
22/04/23 19:06:55 INFO BiasedMFRecommender: BiasedMFRecommender iter 3: loss = 5887.57374677255, delta_loss = 138.94398
22/04/23 19:06:55 INFO BiasedMFRecommender: BiasedMFRecommender iter 4: loss = 5796.118034701811, delta_loss = 91.45571
22/04/23 19:06:55 INFO BiasedMFRecommender: BiasedMFRecommender iter 5: loss = 5730.29699980039, delta_loss = 65.82104
22/04/23 19:06:55 INFO BiasedMFRecommender: BiasedMFRecommender iter 6: loss = 5681.003661013445, delta_loss = 49.29334
22/04/23 19:06:55 INFO BiasedMFRecommender: BiasedMFRecommender iter 7: loss = 5643.218474818531, delta_loss = 37.785187
22/04/23 19:06:55 INFO BiasedMFRecommender: BiasedMFRecommender iter 8: loss = 5613.785769557279, delta_loss = 29.432705
22/04/23 19:06:55 INFO BiasedMFRecommender: BiasedMFRecommender iter 9: loss = 5590.575991075091, delta_loss = 23.209778
22/04/23 19:06:55 INFO BiasedMFRecommender: BiasedMFRecommender iter 10: loss = 5572.0890819741335, delta_loss = 18.48691
22/04/23 19:06:55 INFO BiasedMFRecommender: BiasedMFRecommender iter 11: loss = 5557.237709640715, delta_loss = 14.851373
22/04/23 19:06:55 INFO BiasedMFRecommender: BiasedMFRecommender iter 12: loss = 5545.217208005472, delta_loss = 12.020502
22/04/23 19:06:55 INFO BiasedMFRecommender: BiasedMFRecommender iter 13: loss = 5535.4225028653, delta_loss = 9.794705
22/04/23 19:06:55 INFO BiasedMFRecommender: BiasedMFRecommender iter 14: loss = 5527.392678170017, delta_loss = 8.029824
22/04/23 19:06:55 INFO BiasedMFRecommender: BiasedMFRecommender iter 15: loss = 5520.772791041752, delta_loss = 6.6198874
22/04/23 19:06:55 INFO BiasedMFRecommender: BiasedMFRecommender iter 16: loss = 5515.286925173866, delta_loss = 5.485866
22/04/23 19:06:55 INFO BiasedMFRecommender: BiasedMFRecommender iter 17: loss = 5510.718808598551, delta_loss = 4.5681167
22/04/23 19:06:55 INFO BiasedMFRecommender: BiasedMFRecommender iter 18: loss = 5506.897653343502, delta_loss = 3.8211553
22/04/23 19:06:55 INFO BiasedMFRecommender: BiasedMFRecommender iter 19: loss = 5503.68767374027, delta_loss = 3.2099795
22/04/23 19:06:56 INFO BiasedMFRecommender: BiasedMFRecommender iter 20: loss = 5500.980239854276, delta_loss = 2.707434
22/04/23 19:06:56 INFO BiasedMFRecommender: BiasedMFRecommender iter 21: loss = 5498.687945339917, delta_loss = 2.2922945
22/04/23 19:06:56 INFO BiasedMFRecommender: BiasedMFRecommender iter 22: loss = 5496.740083074177, delta_loss = 1.9478623
22/04/23 19:06:56 INFO BiasedMFRecommender: BiasedMFRecommender iter 23: loss = 5495.079167047333, delta_loss = 1.660916
22/04/23 19:06:56 INFO BiasedMFRecommender: BiasedMFRecommender iter 24: loss = 5493.658239196468, delta_loss = 1.4209279
22/04/23 19:06:56 INFO BiasedMFRecommender: BiasedMFRecommender iter 25: loss = 5492.438770142674, delta_loss = 1.2194691
22/04/23 19:06:56 INFO BiasedMFRecommender: Job Train completed.
22/04/23 19:06:56 INFO RecommenderJob: ExpCMD: COMPLETE
22/04/23 19:06:56 INFO RecommenderJob: EvalCMD: START
22/04/23 19:06:56 INFO BiasedMFRecommender: begin recommend
22/04/23 19:06:56 INFO BiasedMFRecommender: end recommend
22/04/23 19:06:56 INFO RecommenderJob: Evaluator info:NormalizedDCGEvaluator is 0.03475171649966753
22/04/23 19:06:56 INFO RecommenderJob: Evaluator info:PStatisticalParityEvaluator is -0.795449761964477
22/04/23 19:06:56 INFO BiasedMFRecommender: begin recommend
22/04/23 19:06:56 INFO BiasedMFRecommender: end recommend
22/04/23 19:06:56 INFO RecommenderJob: Result path is exp00002/result/out-3.txt
22/04/23 19:06:56 INFO RecommenderJob: EvalCMD: COMPLETE.
